[debug] [2021-05-11T08:01:18.938Z] ----------------------------------------------------------------------
[debug] [2021-05-11T08:01:18.949Z] Command:       C:\Program Files\nodejs\node.exe C:\Users\hp\AppData\Roaming\npm\node_modules\firebase-tools\lib\bin\firebase.js init
[debug] [2021-05-11T08:01:18.952Z] CLI Version:   9.10.2
[debug] [2021-05-11T08:01:18.952Z] Platform:      win32
[debug] [2021-05-11T08:01:18.952Z] Node Version:  v15.14.0
[debug] [2021-05-11T08:01:18.955Z] Time:          Tue May 11 2021 13:31:18 GMT+0530 (India Standard Time)
[debug] [2021-05-11T08:01:18.956Z] ----------------------------------------------------------------------
[debug] 
[debug] [2021-05-11T08:01:18.974Z] > command requires scopes: ["email","openid","https://www.googleapis.com/auth/cloudplatformprojects.readonly","https://www.googleapis.com/auth/firebase","https://www.googleapis.com/auth/cloud-platform"]
[debug] [2021-05-11T08:01:18.975Z] > authorizing via signed-in user (skgpython@gmail.com)
[info] 
     ######## #### ########  ######## ########     ###     ######  ########
     ##        ##  ##     ## ##       ##     ##  ##   ##  ##       ##
     ######    ##  ########  ######   ########  #########  ######  ######
     ##        ##  ##    ##  ##       ##     ## ##     ##       ## ##
     ##       #### ##     ## ######## ########  ##     ##  ######  ########

You're about to initialize a Firebase project in this directory:

  E:\React\Projects\fb-google auth

[info] 
=== Project Setup
[info] 
[info] First, let's associate this project directory with a Firebase project.
[info] You can create multiple project aliases by running firebase use --add, 
[info] but for now we'll just set up a default project.
[info] 
[debug] [2021-05-11T08:02:08.910Z] >>> [apiv2][query] GET https://firebase.googleapis.com/v1beta1/projects pageSize=100
[debug] [2021-05-11T08:02:09.973Z] <<< [apiv2][status] GET https://firebase.googleapis.com/v1beta1/projects 200
[debug] [2021-05-11T08:02:09.974Z] <<< [apiv2][body] GET https://firebase.googleapis.com/v1beta1/projects [omitted]
[info] i  Using project react-auth-26ab2 (React-auth) 
[info] 
=== Hosting Setup
[info] 
[info] Your public directory is the folder (relative to your project directory) that
[info] will contain Hosting assets to be uploaded with firebase deploy. If you
[info] have a build process for your assets, use your build's output directory.
[info] 
